<?xml version="1.0" encoding="UTF-8"?>
<!-- Generated by org.testng.reporters.JUnitXMLReporter -->
<testsuite hostname="DESKTOP-FMPEDSS" failures="0" tests="3" name="sanity_test" time="36.539" errors="0" timestamp="17 Apr 2022 04:22:31 GMT">
  <testcase classname="com.hrms.testscript.TS001" name="logout" time="9.842"/>
  <testcase classname="com.hrms.testscript.TS001" name="logout" time="8.039"/>
  <testcase classname="com.hrms.testscript.TS001" name="login" time="10.611"/>
</testsuite> <!-- sanity_test -->
