<?xml version="1.0" encoding="UTF-8"?>
<testng-results total="1" passed="1" failed="0" skipped="0">
  <reporter-output>
    <line>
      <![CDATA[Application Open]]>
    </line>
    <line>
      <![CDATA[Login Complited]]>
    </line>
    <line>
      <![CDATA[After Login Title Match]]>
    </line>
    <line>
      <![CDATA[Logout Complited]]>
    </line>
  </reporter-output>
  <suite started-at="2022-05-23T20:26:15Z" name="sanity_suite" finished-at="2022-05-23T20:26:52Z" duration-ms="37155">
    <groups>
    </groups>
    <test started-at="2022-05-23T20:26:15Z" name="sanity_test" finished-at="2022-05-23T20:26:52Z" duration-ms="37155">
      <class name="com.hrms.testscript.TS001">
        <test-method is-config="true" signature="launchBrowser(java.lang.String)[pri:0, instance:com.hrms.testscript.TS001@14cd1699]" started-at="2022-05-24T01:56:15Z" name="launchBrowser" finished-at="2022-05-24T01:56:30Z" duration-ms="15018" status="PASS">
          <params>
            <param index="0">
              <value>
                <![CDATA[Chrome]]>
              </value>
            </param>
          </params>
          <reporter-output>
          </reporter-output>
        </test-method> <!-- launchBrowser -->
        <test-method signature="login_logout(java.lang.String, java.lang.String)[pri:0, instance:com.hrms.testscript.TS001@14cd1699]" started-at="2022-05-24T01:56:30Z" name="login_logout" data-provider="loginTestData" finished-at="2022-05-24T01:56:51Z" duration-ms="20813" status="PASS">
          <params>
            <param index="0">
              <value>
                <![CDATA[admin]]>
              </value>
            </param>
            <param index="1">
              <value>
                <![CDATA[admin]]>
              </value>
            </param>
          </params>
          <reporter-output>
            <line>
              <![CDATA[Application Open]]>
            </line>
            <line>
              <![CDATA[Login Complited]]>
            </line>
            <line>
              <![CDATA[After Login Title Match]]>
            </line>
            <line>
              <![CDATA[Logout Complited]]>
            </line>
          </reporter-output>
        </test-method> <!-- login_logout -->
        <test-method is-config="true" signature="closeAppli()[pri:0, instance:com.hrms.testscript.TS001@14cd1699]" started-at="2022-05-24T01:56:51Z" name="closeAppli" finished-at="2022-05-24T01:56:52Z" duration-ms="1284" status="PASS">
          <reporter-output>
          </reporter-output>
        </test-method> <!-- closeAppli -->
      </class> <!-- com.hrms.testscript.TS001 -->
    </test> <!-- sanity_test -->
  </suite> <!-- sanity_suite -->
</testng-results>
